#
# A fatal error has been detected by the Java Runtime Environment:
#
#  EXCEPTION_ACCESS_VIOLATION (0xc0000005) at pc=0x00007ffeaf78453d, pid=6244, tid=0x0000000000002eb0
#
# JRE version: Java(TM) SE Runtime Environment (8.0_151-b12) (build 1.8.0_151-b12)
# Java VM: Java HotSpot(TM) 64-Bit Server VM (25.151-b12 mixed mode windows-amd64 compressed oops)
# Problematic frame:
# C  [nvd3dumx.dll+0x8c453d]
#
# Failed to write core dump. Minidumps are not enabled by default on client versions of Windows
#
# If you would like to submit a bug report, please visit:
#   http://bugreport.java.com/bugreport/crash.jsp
# The crash happened outside the Java Virtual Machine in native code.
# See problematic frame for where to report the bug.
#

---------------  T H R E A D  ---------------

Current thread (0x0000000018e12800):  JavaThread "AWT-Windows" daemon [_thread_in_native, id=11952, stack(0x0000000019ca0000,0x0000000019da0000)]

siginfo: ExceptionCode=0xc0000005, reading address 0x000000000000ccf8

Registers:
RAX=0x0000000000000040, RBX=0x00007ffefe077440, RCX=0xffffffffffffffff, RDX=0x000000000000000d
RSP=0x0000000019d9be80, RBP=0x0000000019d9bef9, RSI=0x000000008007000e, RDI=0x000000000090f000
R8 =0x0000000000000008, R9 =0x0000000000000013, R10=0x000000001ad84c70, R11=0x0000000000000000
R12=0x0000000019d9c150, R13=0x00000000009044b0, R14=0x0000000000000000, R15=0x000000001adc7d98
RIP=0x00007ffeaf78453d, EFLAGS=0x0000000000010202

Top of Stack: (sp=0x0000000019d9be80)
0x0000000019d9be80:   00007ffefe077440 000000008007000e
0x0000000019d9be90:   000000000090f000 000000008007000e
0x0000000019d9bea0:   7073766e5c32336d 6c642e3436706163
0x0000000019d9beb0:   000000000090006c 0000000000905d48
0x0000000019d9bec0:   00007ffeafe36170 0000000000000080
0x0000000019d9bed0:   00000000009044b0 00007ffeaf5977f7
0x0000000019d9bee0:   abe06972ec02bb61 0000000000000004
0x0000000019d9bef0:   0000000000000000 0000000000905d48
0x0000000019d9bf00:   0000000000000000 00007ffeaf77bba3
0x0000000019d9bf10:   00000000009044b0 0000000000905d48
0x0000000019d9bf20:   0000000000000000 0000000019d9c150
0x0000000019d9bf30:   00000000009044b0 000000001adc7d98
0x0000000019d9bf40:   0000000000000000 0000000000000001
0x0000000019d9bf50:   0000000019d9bfc9 00007ffeaf7594ed
0x0000000019d9bf60:   0000000000903228 00007ffeaf77bdf9
0x0000000019d9bf70:   0000000019d9c030 0000000040000000 

Instructions: (pc=0x00007ffeaf78453d)
0x00007ffeaf78451d:   65 48 8b 0c 25 58 00 00 00 41 b8 08 00 00 00 4c
0x00007ffeaf78452d:   8b 3c d1 48 c7 c1 ff ff ff ff 4d 03 f8 4d 8b 37
0x00007ffeaf78453d:   41 8b 9e f8 cc 00 00 48 f7 e3 48 0f 40 c1 48 83
0x00007ffeaf78454d:   c0 08 48 0f 42 c1 48 8b c8 e8 95 ac 24 00 48 85 


Register to memory mapping:

RAX=0x0000000000000040 is an unknown value
RBX=0x00007ffefe077440 is an unknown value
RCX=0xffffffffffffffff is an unknown value
RDX=0x000000000000000d is an unknown value
RSP=0x0000000019d9be80 is pointing into the stack for thread: 0x0000000018e12800
RBP=0x0000000019d9bef9 is pointing into the stack for thread: 0x0000000018e12800
RSI=0x000000008007000e is an unknown value
RDI=0x000000000090f000 is an unknown value
R8 =0x0000000000000008 is an unknown value
R9 =0x0000000000000013 is an unknown value
R10=0x000000001ad84c70 is an unknown value
R11=0x0000000000000000 is an unknown value
R12=0x0000000019d9c150 is pointing into the stack for thread: 0x0000000018e12800
R13=0x00000000009044b0 is an unknown value
R14=0x0000000000000000 is an unknown value
R15=0x000000001adc7d98 is an unknown value


Stack: [0x0000000019ca0000,0x0000000019da0000],  sp=0x0000000019d9be80,  free space=1007k
Native frames: (J=compiled Java code, j=interpreted, Vv=VM code, C=native code)
C  [nvd3dumx.dll+0x8c453d]
C  [nvd3dumx.dll+0x8994ed]
C  [d3d9.dll+0x2bfb2]
C  [d3d9.dll+0x29f8f]
C  [d3d9.dll+0x2878d]
C  [d3d9.dll+0x2c9fb]
C  [d3d9.dll+0x28408]
C  [d3d9.dll+0x24cf4]
C  [awt.dll+0x19e8d]
C  [awt.dll+0x19feb]
C  [awt.dll+0x1a99f]
C  [awt.dll+0x1e525]
C  [awt.dll+0x1b669]
C  0x0000000002607f74

Java frames: (J=compiled Java code, j=interpreted, Vv=VM code)
j  sun.java2d.d3d.D3DGraphicsDevice.getDeviceCapsNative(I)I+0
j  sun.java2d.d3d.D3DGraphicsDevice.access$000(I)I+1
j  sun.java2d.d3d.D3DGraphicsDevice$1.run()V+8
v  ~StubRoutines::call_stub
j  sun.awt.windows.WToolkit.eventLoop()V+0
j  sun.awt.windows.WToolkit.run()V+58
j  java.lang.Thread.run()V+11
v  ~StubRoutines::call_stub

---------------  P R O C E S S  ---------------

Java Threads: ( => current thread )
  0x00000000024f1000 JavaThread "DestroyJavaVM" [_thread_blocked, id=10624, stack(0x00000000023a0000,0x00000000024a0000)]
  0x0000000018e18000 JavaThread "AWT-EventQueue-0" [_thread_in_native, id=14312, stack(0x000000001a840000,0x000000001a940000)]
=>0x0000000018e12800 JavaThread "AWT-Windows" daemon [_thread_in_native, id=11952, stack(0x0000000019ca0000,0x0000000019da0000)]
  0x0000000018e0f800 JavaThread "AWT-Shutdown" [_thread_blocked, id=15312, stack(0x0000000019ba0000,0x0000000019ca0000)]
  0x00000000192e3000 JavaThread "Java2D Disposer" daemon [_thread_blocked, id=7252, stack(0x0000000019aa0000,0x0000000019ba0000)]
  0x0000000018a5a800 JavaThread "Service Thread" daemon [_thread_blocked, id=14848, stack(0x0000000018f40000,0x0000000019040000)]
  0x0000000018a4e800 JavaThread "C1 CompilerThread2" daemon [_thread_blocked, id=9660, stack(0x0000000018e40000,0x0000000018f40000)]
  0x0000000017221800 JavaThread "C2 CompilerThread1" daemon [_thread_blocked, id=11392, stack(0x0000000018940000,0x0000000018a40000)]
  0x00000000171dd000 JavaThread "C2 CompilerThread0" daemon [_thread_blocked, id=6424, stack(0x0000000018840000,0x0000000018940000)]
  0x00000000171db000 JavaThread "Attach Listener" daemon [_thread_blocked, id=15116, stack(0x0000000018740000,0x0000000018840000)]
  0x00000000171da000 JavaThread "Signal Dispatcher" daemon [_thread_blocked, id=9684, stack(0x0000000018640000,0x0000000018740000)]
  0x00000000171c8800 JavaThread "Finalizer" daemon [_thread_blocked, id=15272, stack(0x0000000018430000,0x0000000018530000)]
  0x00000000025e1000 JavaThread "Reference Handler" daemon [_thread_blocked, id=8148, stack(0x0000000018330000,0x0000000018430000)]

Other Threads:
  0x00000000171a6800 VMThread [stack: 0x0000000018230000,0x0000000018330000] [id=12444]
  0x000000001723e000 WatcherThread [stack: 0x00000000191a0000,0x00000000192a0000] [id=4868]

VM state:not at safepoint (normal execution)

VM Mutex/Monitor currently owned by a thread: None

Heap:
 PSYoungGen      total 38400K, used 5325K [0x00000000d5700000, 0x00000000d8180000, 0x0000000100000000)
  eden space 33280K, 16% used [0x00000000d5700000,0x00000000d5c335a0,0x00000000d7780000)
  from space 5120K, 0% used [0x00000000d7c80000,0x00000000d7c80000,0x00000000d8180000)
  to   space 5120K, 0% used [0x00000000d7780000,0x00000000d7780000,0x00000000d7c80000)
 ParOldGen       total 87552K, used 0K [0x0000000080400000, 0x0000000085980000, 0x00000000d5700000)
  object space 87552K, 0% used [0x0000000080400000,0x0000000080400000,0x0000000085980000)
 Metaspace       used 5738K, capacity 5868K, committed 5888K, reserved 1056768K
  class space    used 669K, capacity 761K, committed 768K, reserved 1048576K

Card table byte_map: [0x00000000119b0000,0x0000000011db0000] byte_map_base: 0x00000000115ae000

Marking Bits: (ParMarkBitMap*) 0x000000005c6fd850
 Begin Bits: [0x0000000012460000, 0x0000000014450000)
 End Bits:   [0x0000000014450000, 0x0000000016440000)

Polling page: 0x0000000000840000

CodeCache: size=245760Kb used=1547Kb max_used=1547Kb free=244212Kb
 bounds [0x00000000025f0000, 0x0000000002860000, 0x00000000115f0000]
 total_blobs=557 nmethods=229 adapters=241
 compilation: enabled

Compilation events (10 events):
Event: 0.577 Thread 0x0000000018a4e800  225       3       jdk.internal.org.objectweb.asm.ClassWriter::put122 (15 bytes)
Event: 0.578 Thread 0x0000000018a4e800 nmethod 225 0x000000000276f210 code [0x000000000276f380, 0x000000000276f578]
Event: 0.579 Thread 0x0000000018a4e800  226  s    1       java.util.Vector::size (5 bytes)
Event: 0.579 Thread 0x0000000018a4e800 nmethod 226 0x000000000276f690 code [0x000000000276f7e0, 0x000000000276fa50]
Event: 0.595 Thread 0x0000000018a4e800  227       3       java.util.HashMap::putVal (300 bytes)
Event: 0.597 Thread 0x0000000018a4e800 nmethod 227 0x000000000276fd10 code [0x000000000276ff80, 0x0000000002771238]
Event: 0.597 Thread 0x0000000018a4e800  228       3       java.util.HashMap::put (13 bytes)
Event: 0.597 Thread 0x0000000018a4e800 nmethod 228 0x0000000002771910 code [0x0000000002771aa0, 0x0000000002771e58]
Event: 0.597 Thread 0x0000000018a4e800  229       3       java.util.HashMap$Node::<init> (26 bytes)
Event: 0.597 Thread 0x0000000018a4e800 nmethod 229 0x0000000002771f90 code [0x00000000027720e0, 0x00000000027722d0]

GC Heap History (0 events):
No events

Deoptimization events (0 events):
No events

Internal exceptions (10 events):
Event: 0.100 Thread 0x00000000024f1000 Exception <a 'java/lang/NoSuchMethodError': Method sun.misc.Unsafe.prefetchRead(Ljava/lang/Object;J)V name or signature does not match> (0x00000000d5707f90) thrown at [C:\re\workspace\8-2-build-windows-amd64-cygwin\jdk8u151\9699\hotspot\src\share\vm\prims
Event: 0.236 Thread 0x00000000024f1000 Exception <a 'java/io/FileNotFoundException'> (0x00000000d5759e70) thrown at [C:\re\workspace\8-2-build-windows-amd64-cygwin\jdk8u151\9699\hotspot\src\share\vm\prims\jni.cpp, line 709]
Event: 0.314 Thread 0x00000000024f1000 Exception <a 'java/security/PrivilegedActionException'> (0x00000000d578fc80) thrown at [C:\re\workspace\8-2-build-windows-amd64-cygwin\jdk8u151\9699\hotspot\src\share\vm\prims\jvm.cpp, line 1390]
Event: 0.314 Thread 0x00000000024f1000 Exception <a 'java/security/PrivilegedActionException'> (0x00000000d578fe90) thrown at [C:\re\workspace\8-2-build-windows-amd64-cygwin\jdk8u151\9699\hotspot\src\share\vm\prims\jvm.cpp, line 1390]
Event: 0.316 Thread 0x00000000024f1000 Exception <a 'java/security/PrivilegedActionException'> (0x00000000d5793da0) thrown at [C:\re\workspace\8-2-build-windows-amd64-cygwin\jdk8u151\9699\hotspot\src\share\vm\prims\jvm.cpp, line 1390]
Event: 0.316 Thread 0x00000000024f1000 Exception <a 'java/security/PrivilegedActionException'> (0x00000000d5793fb0) thrown at [C:\re\workspace\8-2-build-windows-amd64-cygwin\jdk8u151\9699\hotspot\src\share\vm\prims\jvm.cpp, line 1390]
Event: 0.335 Thread 0x00000000024f1000 Exception <a 'java/io/FileNotFoundException'> (0x00000000d5796fe0) thrown at [C:\re\workspace\8-2-build-windows-amd64-cygwin\jdk8u151\9699\hotspot\src\share\vm\prims\jni.cpp, line 709]
Event: 0.437 Thread 0x00000000024f1000 Exception <a 'java/lang/NoSuchFieldError': method resolution failed> (0x00000000d590ba70) thrown at [C:\re\workspace\8-2-build-windows-amd64-cygwin\jdk8u151\9699\hotspot\src\share\vm\prims\methodHandles.cpp, line 1146]
Event: 0.453 Thread 0x00000000024f1000 Exception <a 'java/lang/NoSuchFieldError': method resolution failed> (0x00000000d5918e40) thrown at [C:\re\workspace\8-2-build-windows-amd64-cygwin\jdk8u151\9699\hotspot\src\share\vm\prims\methodHandles.cpp, line 1146]
Event: 0.602 Thread 0x0000000018e18000 Exception <a 'java/io/FileNotFoundException'> (0x00000000d5b9a640) thrown at [C:\re\workspace\8-2-build-windows-amd64-cygwin\jdk8u151\9699\hotspot\src\share\vm\prims\jni.cpp, line 709]

Events (10 events):
Event: 0.801 loading class sun/java2d/pipe/RenderQueue done
Event: 0.801 loading class sun/java2d/d3d/D3DRenderQueue done
Event: 0.801 loading class sun/java2d/pipe/RenderBuffer
Event: 0.802 loading class sun/java2d/pipe/RenderBuffer done
Event: 0.802 loading class sun/java2d/d3d/D3DRenderQueue$1
Event: 0.802 loading class sun/java2d/d3d/D3DRenderQueue$1 done
Event: 0.803 loading class sun/java2d/d3d/D3DGraphicsDevice$1Result
Event: 0.803 loading class sun/java2d/d3d/D3DGraphicsDevice$1Result done
Event: 0.803 loading class sun/java2d/d3d/D3DGraphicsDevice$1
Event: 0.803 loading class sun/java2d/d3d/D3DGraphicsDevice$1 done


Dynamic libraries:
0x00007ff6614a0000 - 0x00007ff6614d7000 	C:\Program Files\Java\jdk1.8.0_151\jre\bin\java.exe
0x00007fff004e0000 - 0x00007fff006c1000 	C:\WINDOWS\SYSTEM32\ntdll.dll
0x00007ffef4380000 - 0x00007ffef43b4000 	C:\Program Files\AVAST Software\Avast\x64\aswhooka.dll
0x00007ffefdcb0000 - 0x00007ffefdd62000 	C:\WINDOWS\System32\KERNEL32.DLL
0x00007ffefccc0000 - 0x00007ffefcf33000 	C:\WINDOWS\System32\KERNELBASE.dll
0x00007ffefe1e0000 - 0x00007ffefe281000 	C:\WINDOWS\System32\ADVAPI32.dll
0x00007ffefe3d0000 - 0x00007ffefe46e000 	C:\WINDOWS\System32\msvcrt.dll
0x00007ffefe290000 - 0x00007ffefe2eb000 	C:\WINDOWS\System32\sechost.dll
0x00007ffefdb10000 - 0x00007ffefdc34000 	C:\WINDOWS\System32\RPCRT4.dll
0x00007ffefe050000 - 0x00007ffefe1e0000 	C:\WINDOWS\System32\USER32.dll
0x00007ffefd040000 - 0x00007ffefd060000 	C:\WINDOWS\System32\win32u.dll
0x00007ffefe9b0000 - 0x00007ffefe9d8000 	C:\WINDOWS\System32\GDI32.dll
0x00007ffefd7d0000 - 0x00007ffefd962000 	C:\WINDOWS\System32\gdi32full.dll
0x00007ffefcb50000 - 0x00007ffefcbef000 	C:\WINDOWS\System32\msvcp_win.dll
0x00007ffefcf40000 - 0x00007ffefd03a000 	C:\WINDOWS\System32\ucrtbase.dll
0x00007ffeeeea0000 - 0x00007ffeef109000 	C:\WINDOWS\WinSxS\amd64_microsoft.windows.common-controls_6595b64144ccf1df_6.0.17134.345_none_fb429a5930656358\COMCTL32.dll
0x00007fff00120000 - 0x00007fff00443000 	C:\WINDOWS\System32\combase.dll
0x00007ffefcbf0000 - 0x00007ffefcc6a000 	C:\WINDOWS\System32\bcryptPrimitives.dll
0x00007ffefe980000 - 0x00007ffefe9ad000 	C:\WINDOWS\System32\IMM32.DLL
0x00007ffefb9f0000 - 0x00007ffefba21000 	C:\WINDOWS\SYSTEM32\ntmarta.dll
0x00007ffefc6f0000 - 0x00007ffefc720000 	C:\WINDOWS\SYSTEM32\SspiCli.dll
0x000000005be00000 - 0x000000005bed2000 	C:\Program Files\Java\jdk1.8.0_151\jre\bin\msvcr100.dll
0x000000005bee0000 - 0x000000005c77d000 	C:\Program Files\Java\jdk1.8.0_151\jre\bin\server\jvm.dll
0x00007ffefd970000 - 0x00007ffefd978000 	C:\WINDOWS\System32\PSAPI.DLL
0x00007ffeea970000 - 0x00007ffeea979000 	C:\WINDOWS\SYSTEM32\WSOCK32.dll
0x00007ffefdc40000 - 0x00007ffefdcac000 	C:\WINDOWS\System32\WS2_32.dll
0x00007ffefa010000 - 0x00007ffefa033000 	C:\WINDOWS\SYSTEM32\WINMM.dll
0x00007ffef0ff0000 - 0x00007ffef0ffa000 	C:\WINDOWS\SYSTEM32\VERSION.dll
0x00007ffef9fe0000 - 0x00007ffefa00a000 	C:\WINDOWS\SYSTEM32\WINMMBASE.dll
0x00007ffefcc70000 - 0x00007ffefccb9000 	C:\WINDOWS\System32\cfgmgr32.dll
0x000000005bdb0000 - 0x000000005bdbf000 	C:\Program Files\Java\jdk1.8.0_151\jre\bin\verify.dll
0x000000005bd80000 - 0x000000005bda9000 	C:\Program Files\Java\jdk1.8.0_151\jre\bin\java.dll
0x000000005bd60000 - 0x000000005bd76000 	C:\Program Files\Java\jdk1.8.0_151\jre\bin\zip.dll
0x00007ffefece0000 - 0x00007fff0011f000 	C:\WINDOWS\System32\SHELL32.dll
0x00007ffefd980000 - 0x00007ffefda29000 	C:\WINDOWS\System32\shcore.dll
0x00007ffefd060000 - 0x00007ffefd76d000 	C:\WINDOWS\System32\windows.storage.dll
0x00007fff00450000 - 0x00007fff004a1000 	C:\WINDOWS\System32\shlwapi.dll
0x00007ffefc800000 - 0x00007ffefc811000 	C:\WINDOWS\System32\kernel.appcore.dll
0x00007ffefc890000 - 0x00007ffefc8af000 	C:\WINDOWS\System32\profapi.dll
0x00007ffefc840000 - 0x00007ffefc88c000 	C:\WINDOWS\System32\powrprof.dll
0x00007ffefc7f0000 - 0x00007ffefc7fa000 	C:\WINDOWS\System32\FLTLIB.DLL
0x000000005bb80000 - 0x000000005bd18000 	C:\Program Files\Java\jdk1.8.0_151\jre\bin\awt.dll
0x00007ffefe300000 - 0x00007ffefe3c2000 	C:\WINDOWS\System32\OLEAUT32.dll
0x00007ffef8650000 - 0x00007ffef86db000 	C:\WINDOWS\SYSTEM32\apphelp.dll
0x00007ffefaeb0000 - 0x00007ffefaf48000 	C:\WINDOWS\system32\uxtheme.dll
0x00007ffefded0000 - 0x00007ffefe044000 	C:\WINDOWS\System32\MSCTF.dll
0x00007ffefb030000 - 0x00007ffefb059000 	C:\WINDOWS\system32\dwmapi.dll
0x00007ffefe9e0000 - 0x00007ffefeb31000 	C:\WINDOWS\System32\ole32.dll
0x00007ffeccd80000 - 0x00007ffeccea0000 	C:\WINDOWS\system32\opengl32.dll
0x00007ffeddc30000 - 0x00007ffeddc5c000 	C:\WINDOWS\SYSTEM32\GLU32.dll
0x00007ffecd5f0000 - 0x00007ffecd787000 	C:\WINDOWS\system32\d3d9.dll
0x00007ffef4740000 - 0x00007ffef481f000 	C:\WINDOWS\System32\DriverStore\FileRepository\nvszwwu.inf_amd64_3ea9540071cf2805\nvldumdx.dll
0x00007ffefc960000 - 0x00007ffefcb42000 	C:\WINDOWS\System32\crypt32.dll
0x00007ffefc820000 - 0x00007ffefc832000 	C:\WINDOWS\System32\MSASN1.dll
0x00007ffefd770000 - 0x00007ffefd7c7000 	C:\WINDOWS\System32\WINTRUST.DLL
0x00007ffefe510000 - 0x00007ffefe52d000 	C:\WINDOWS\System32\imagehlp.dll
0x00007ffefc1c0000 - 0x00007ffefc1d7000 	C:\WINDOWS\SYSTEM32\CRYPTSP.dll
0x00007ffefbbf0000 - 0x00007ffefbc23000 	C:\WINDOWS\system32\rsaenh.dll
0x00007ffefc2f0000 - 0x00007ffefc315000 	C:\WINDOWS\SYSTEM32\bcrypt.dll
0x00007ffefc1e0000 - 0x00007ffefc1eb000 	C:\WINDOWS\SYSTEM32\CRYPTBASE.dll
0x00007ffeaeec0000 - 0x00007ffeafed5000 	C:\WINDOWS\System32\DriverStore\FileRepository\nvszwwu.inf_amd64_3ea9540071cf2805\nvd3dumx.dll
0x00007ffef62e0000 - 0x00007ffef64a9000 	C:\WINDOWS\SYSTEM32\dbghelp.dll

VM Arguments:
jvm_args: -Dfile.encoding=UTF-8 
java_command: interfaz.Ventana
java_class_path (initial): C:\Program Files\NetBeans 8.2\java\modules\ext\AbsoluteLayout.jar;C:\Users\Sabrina\Documents\GitHub\Proyecto-1-Sistemas-Operativos\build\classes
Launcher Type: SUN_STANDARD

Environment Variables:
PATH=C:\ProgramData\Oracle\Java\javapath;C:\WINDOWS\system32;C:\WINDOWS;C:\WINDOWS\System32\Wbem;C:\WINDOWS\System32\WindowsPowerShell\v1.0\;C:\Program Files (x86)\Common Files\Propellerhead Software\ReWire\;C:\Program Files\Common Files\Propellerhead Software\ReWire\;C:\WINDOWS\System32\OpenSSH\;C:\Program Files\nodejs\;C:\Program Files\Git\cmd;C:\Users\Sabrina\AppData\Local\Microsoft\WindowsApps;C:\Users\Sabrina\AppData\Roaming\npm;C:\Users\Sabrina\AppData\Local\Programs\Microsoft VS Code\bin;C:\Users\Sabrina\AppData\Local\GitHubDesktop\bin;C:\ProgramData\Sabrina\GitHubDesktop\bin
USERNAME=Sabrina
OS=Windows_NT
PROCESSOR_IDENTIFIER=Intel64 Family 6 Model 42 Stepping 7, GenuineIntel



---------------  S Y S T E M  ---------------

OS: Windows 10.0 , 64 bit Build 17134 (10.0.17134.1)

CPU:total 4 (initial active 4) (2 cores per cpu, 2 threads per core) family 6 model 42 stepping 7, cmov, cx8, fxsr, mmx, sse, sse2, sse3, ssse3, sse4.1, sse4.2, popcnt, avx, aes, clmul, ht, tsc, tscinvbit

Memory: 4k page, physical 8370028k(1459404k free), swap 10418028k(4188k free)

vm_info: Java HotSpot(TM) 64-Bit Server VM (25.151-b12) for windows-amd64 JRE (1.8.0_151-b12), built on Sep  5 2017 19:33:46 by "java_re" with MS VC++ 10.0 (VS2010)

time: Sun Oct 14 21:18:21 2018
elapsed time: 1 seconds (0d 0h 0m 1s)

